<?xml version="1.0" encoding="UTF-8"?>
<coverage generated="1581893132041" clover="3.2.0">
  <project timestamp="1581893132041" name="All files">
    <metrics statements="116" coveredstatements="116" conditionals="53" coveredconditionals="53" methods="26" coveredmethods="26" elements="195" coveredelements="195" complexity="0" loc="116" ncloc="116" packages="10" files="18" classes="18"/>
    <package name="components">
      <metrics statements="7" coveredstatements="7" conditionals="0" coveredconditionals="0" methods="2" coveredmethods="2"/>
      <file name="test-helper.tsx" path="/Users/joshuarasmussen/Desktop/Code/react-calendar/packages/themed/src/components/test-helper.tsx">
        <metrics statements="7" coveredstatements="7" conditionals="0" coveredconditionals="0" methods="2" coveredmethods="2"/>
        <line num="1" count="7" type="stmt"/>
        <line num="2" count="7" type="stmt"/>
        <line num="3" count="7" type="stmt"/>
        <line num="6" count="7" type="stmt"/>
        <line num="50" count="44" type="stmt"/>
        <line num="58" count="44" type="stmt"/>
        <line num="61" count="7" type="stmt"/>
      </file>
    </package>
    <package name="components.CalendarButton">
      <metrics statements="11" coveredstatements="11" conditionals="6" coveredconditionals="6" methods="3" coveredmethods="3"/>
      <file name="CalendarButton.tsx" path="/Users/joshuarasmussen/Desktop/Code/react-calendar/packages/themed/src/components/CalendarButton/CalendarButton.tsx">
        <metrics statements="10" coveredstatements="10" conditionals="6" coveredconditionals="6" methods="3" coveredmethods="3"/>
        <line num="3" count="2" type="stmt"/>
        <line num="4" count="2" type="stmt"/>
        <line num="25" count="2" type="stmt"/>
        <line num="28" count="2" type="stmt"/>
        <line num="31" count="4" type="cond" truecount="2" falsecount="0"/>
        <line num="32" count="3" type="stmt"/>
        <line num="38" count="2" type="cond" truecount="4" falsecount="0"/>
        <line num="39" count="1" type="stmt"/>
        <line num="43" count="7" type="stmt"/>
        <line num="58" count="2" type="stmt"/>
      </file>
      <file name="index.ts" path="/Users/joshuarasmussen/Desktop/Code/react-calendar/packages/themed/src/components/CalendarButton/index.ts">
        <metrics statements="1" coveredstatements="1" conditionals="0" coveredconditionals="0" methods="0" coveredmethods="0"/>
        <line num="1" count="1" type="stmt"/>
      </file>
    </package>
    <package name="components.CalendarHeader">
      <metrics statements="7" coveredstatements="7" conditionals="0" coveredconditionals="0" methods="1" coveredmethods="1"/>
      <file name="CalendarHeader.tsx" path="/Users/joshuarasmussen/Desktop/Code/react-calendar/packages/themed/src/components/CalendarHeader/CalendarHeader.tsx">
        <metrics statements="6" coveredstatements="6" conditionals="0" coveredconditionals="0" methods="1" coveredmethods="1"/>
        <line num="3" count="2" type="stmt"/>
        <line num="4" count="2" type="stmt"/>
        <line num="24" count="2" type="stmt"/>
        <line num="25" count="14" type="stmt"/>
        <line num="27" count="14" type="stmt"/>
        <line num="42" count="2" type="stmt"/>
      </file>
      <file name="index.ts" path="/Users/joshuarasmussen/Desktop/Code/react-calendar/packages/themed/src/components/CalendarHeader/index.ts">
        <metrics statements="1" coveredstatements="1" conditionals="0" coveredconditionals="0" methods="0" coveredmethods="0"/>
        <line num="1" count="1" type="stmt"/>
      </file>
    </package>
    <package name="components.Chevron">
      <metrics statements="8" coveredstatements="8" conditionals="0" coveredconditionals="0" methods="1" coveredmethods="1"/>
      <file name="Chevron.tsx" path="/Users/joshuarasmussen/Desktop/Code/react-calendar/packages/themed/src/components/Chevron/Chevron.tsx">
        <metrics statements="7" coveredstatements="7" conditionals="0" coveredconditionals="0" methods="1" coveredmethods="1"/>
        <line num="3" count="1" type="stmt"/>
        <line num="4" count="1" type="stmt"/>
        <line num="6" count="1" type="stmt"/>
        <line num="18" count="1" type="stmt"/>
        <line num="19" count="2" type="stmt"/>
        <line num="21" count="2" type="stmt"/>
        <line num="36" count="1" type="stmt"/>
      </file>
      <file name="index.ts" path="/Users/joshuarasmussen/Desktop/Code/react-calendar/packages/themed/src/components/Chevron/index.ts">
        <metrics statements="1" coveredstatements="1" conditionals="0" coveredconditionals="0" methods="0" coveredmethods="0"/>
        <line num="1" count="1" type="stmt"/>
      </file>
    </package>
    <package name="components.DateCell">
      <metrics statements="14" coveredstatements="14" conditionals="21" coveredconditionals="21" methods="4" coveredmethods="4"/>
      <file name="DateCell.tsx" path="/Users/joshuarasmussen/Desktop/Code/react-calendar/packages/themed/src/components/DateCell/DateCell.tsx">
        <metrics statements="13" coveredstatements="13" conditionals="21" coveredconditionals="21" methods="4" coveredmethods="4"/>
        <line num="3" count="2" type="stmt"/>
        <line num="4" count="2" type="stmt"/>
        <line num="36" count="2" type="stmt"/>
        <line num="39" count="2" type="stmt"/>
        <line num="40" count="361" type="cond" truecount="2" falsecount="0"/>
        <line num="44" count="2" type="cond" truecount="5" falsecount="0"/>
        <line num="45" count="1" type="stmt"/>
        <line num="51" count="2" type="cond" truecount="4" falsecount="0"/>
        <line num="52" count="1" type="stmt"/>
        <line num="58" count="3" type="cond" truecount="4" falsecount="0"/>
        <line num="59" count="2" type="stmt"/>
        <line num="63" count="361" type="stmt"/>
        <line num="84" count="2" type="stmt"/>
      </file>
      <file name="index.ts" path="/Users/joshuarasmussen/Desktop/Code/react-calendar/packages/themed/src/components/DateCell/index.ts">
        <metrics statements="1" coveredstatements="1" conditionals="0" coveredconditionals="0" methods="0" coveredmethods="0"/>
        <line num="1" count="1" type="stmt"/>
      </file>
    </package>
    <package name="components.DateHeader">
      <metrics statements="7" coveredstatements="7" conditionals="3" coveredconditionals="3" methods="1" coveredmethods="1"/>
      <file name="DateHeader.tsx" path="/Users/joshuarasmussen/Desktop/Code/react-calendar/packages/themed/src/components/DateHeader/DateHeader.tsx">
        <metrics statements="6" coveredstatements="6" conditionals="3" coveredconditionals="3" methods="1" coveredmethods="1"/>
        <line num="3" count="2" type="stmt"/>
        <line num="4" count="2" type="stmt"/>
        <line num="18" count="2" type="stmt"/>
        <line num="19" count="353" type="cond" truecount="1" falsecount="0"/>
        <line num="20" count="353" type="stmt"/>
        <line num="35" count="2" type="stmt"/>
      </file>
      <file name="index.ts" path="/Users/joshuarasmussen/Desktop/Code/react-calendar/packages/themed/src/components/DateHeader/index.ts">
        <metrics statements="1" coveredstatements="1" conditionals="0" coveredconditionals="0" methods="0" coveredmethods="0"/>
        <line num="1" count="1" type="stmt"/>
      </file>
    </package>
    <package name="components.EventItem">
      <metrics statements="12" coveredstatements="12" conditionals="11" coveredconditionals="11" methods="3" coveredmethods="3"/>
      <file name="EventItem.tsx" path="/Users/joshuarasmussen/Desktop/Code/react-calendar/packages/themed/src/components/EventItem/EventItem.tsx">
        <metrics statements="11" coveredstatements="11" conditionals="11" coveredconditionals="11" methods="3" coveredmethods="3"/>
        <line num="3" count="2" type="stmt"/>
        <line num="4" count="2" type="stmt"/>
        <line num="27" count="2" type="stmt"/>
        <line num="30" count="2" type="stmt"/>
        <line num="31" count="16" type="cond" truecount="1" falsecount="0"/>
        <line num="35" count="2" type="cond" truecount="4" falsecount="0"/>
        <line num="36" count="1" type="stmt"/>
        <line num="42" count="2" type="cond" truecount="2" falsecount="0"/>
        <line num="43" count="1" type="stmt"/>
        <line num="47" count="16" type="stmt"/>
        <line num="64" count="2" type="stmt"/>
      </file>
      <file name="index.ts" path="/Users/joshuarasmussen/Desktop/Code/react-calendar/packages/themed/src/components/EventItem/index.ts">
        <metrics statements="1" coveredstatements="1" conditionals="0" coveredconditionals="0" methods="0" coveredmethods="0"/>
        <line num="1" count="1" type="stmt"/>
      </file>
    </package>
    <package name="components.SimpleCalendar">
      <metrics statements="22" coveredstatements="22" conditionals="6" coveredconditionals="6" methods="5" coveredmethods="5"/>
      <file name="SimpleCalendar.tsx" path="/Users/joshuarasmussen/Desktop/Code/react-calendar/packages/themed/src/components/SimpleCalendar/SimpleCalendar.tsx">
        <metrics statements="22" coveredstatements="22" conditionals="6" coveredconditionals="6" methods="5" coveredmethods="5"/>
        <line num="1" count="1" type="stmt"/>
        <line num="2" count="1" type="stmt"/>
        <line num="3" count="1" type="stmt"/>
        <line num="12" count="1" type="stmt"/>
        <line num="23" count="1" type="stmt"/>
        <line num="24" count="1" type="stmt"/>
        <line num="25" count="1" type="stmt"/>
        <line num="26" count="1" type="stmt"/>
        <line num="27" count="1" type="stmt"/>
        <line num="28" count="1" type="stmt"/>
        <line num="29" count="1" type="stmt"/>
        <line num="30" count="1" type="stmt"/>
        <line num="70" count="1" type="stmt"/>
        <line num="71" count="10" type="cond" truecount="2" falsecount="0"/>
        <line num="73" count="10" type="stmt"/>
        <line num="74" count="10" type="stmt"/>
        <line num="79" count="10" type="stmt"/>
        <line num="117" count="50" type="stmt"/>
        <line num="122" count="350" type="stmt"/>
        <line num="137" count="100" type="stmt"/>
        <line num="141" count="10" type="stmt"/>
        <line num="153" count="1" type="stmt"/>
      </file>
    </package>
    <package name="components.StickyBox">
      <metrics statements="6" coveredstatements="6" conditionals="0" coveredconditionals="0" methods="1" coveredmethods="1"/>
      <file name="StickyBox.tsx" path="/Users/joshuarasmussen/Desktop/Code/react-calendar/packages/themed/src/components/StickyBox/StickyBox.tsx">
        <metrics statements="5" coveredstatements="5" conditionals="0" coveredconditionals="0" methods="1" coveredmethods="1"/>
        <line num="3" count="2" type="stmt"/>
        <line num="4" count="2" type="stmt"/>
        <line num="12" count="2" type="stmt"/>
        <line num="13" count="12" type="stmt"/>
        <line num="27" count="2" type="stmt"/>
      </file>
      <file name="index.ts" path="/Users/joshuarasmussen/Desktop/Code/react-calendar/packages/themed/src/components/StickyBox/index.ts">
        <metrics statements="1" coveredstatements="1" conditionals="0" coveredconditionals="0" methods="0" coveredmethods="0"/>
        <line num="1" count="1" type="stmt"/>
      </file>
    </package>
    <package name="components.WeekdayHeadings">
      <metrics statements="22" coveredstatements="22" conditionals="6" coveredconditionals="6" methods="5" coveredmethods="5"/>
      <file name="WeekdayHeadings.tsx" path="/Users/joshuarasmussen/Desktop/Code/react-calendar/packages/themed/src/components/WeekdayHeadings/WeekdayHeadings.tsx">
        <metrics statements="21" coveredstatements="21" conditionals="6" coveredconditionals="6" methods="5" coveredmethods="5"/>
        <line num="2" count="2" type="stmt"/>
        <line num="3" count="2" type="stmt"/>
        <line num="4" count="2" type="stmt"/>
        <line num="5" count="2" type="stmt"/>
        <line num="7" count="2" type="stmt"/>
        <line num="10" count="2" type="cond" truecount="2" falsecount="0"/>
        <line num="11" count="2" type="stmt"/>
        <line num="12" count="2" type="stmt"/>
        <line num="13" count="2" type="stmt"/>
        <line num="14" count="2" type="stmt"/>
        <line num="15" count="2" type="stmt"/>
        <line num="16" count="2" type="stmt"/>
        <line num="17" count="2" type="stmt"/>
        <line num="42" count="15" type="stmt"/>
        <line num="43" count="15" type="stmt"/>
        <line num="50" count="2" type="stmt"/>
        <line num="53" count="15" type="cond" truecount="2" falsecount="0"/>
        <line num="55" count="15" type="stmt"/>
        <line num="59" count="15" type="stmt"/>
        <line num="64" count="105" type="stmt"/>
        <line num="77" count="2" type="stmt"/>
      </file>
      <file name="index.ts" path="/Users/joshuarasmussen/Desktop/Code/react-calendar/packages/themed/src/components/WeekdayHeadings/index.ts">
        <metrics statements="1" coveredstatements="1" conditionals="0" coveredconditionals="0" methods="0" coveredmethods="0"/>
        <line num="1" count="1" type="stmt"/>
      </file>
    </package>
  </project>
</coverage>
