{"/Users/joshuarasmussen/Desktop/Code/react-calendar/packages/themed/src/components/test-helper.tsx": {"path":"/Users/joshuarasmussen/Desktop/Code/react-calendar/packages/themed/src/components/test-helper.tsx","statementMap":{"0":{"start":{"line":1,"column":0},"end":{"line":1,"column":25}},"1":{"start":{"line":2,"column":0},"end":{"line":2,"column":76}},"2":{"start":{"line":3,"column":0},"end":{"line":3,"column":40}},"3":{"start":{"line":6,"column":33},"end":{"line":46,"column":null}},"4":{"start":{"line":50,"column":2},"end":{"line":50,"column":null}},"5":{"start":{"line":58,"column":2},"end":{"line":58,"column":null}},"6":{"start":{"line":61,"column":25},"end":{"line":61,"column":31}}},"fnMap":{"0":{"name":"Wrapper","decl":{"start":{"line":49,"column":9},"end":{"line":49,"column":16}},"loc":{"start":{"line":49,"column":54},"end":{"line":51,"column":1}}},"1":{"name":"customRender","decl":{"start":{"line":54,"column":9},"end":{"line":54,"column":21}},"loc":{"start":{"line":56,"column":42},"end":{"line":59,"column":1}}}},"branchMap":{},"s":{"0":7,"1":7,"2":7,"3":7,"4":44,"5":44,"6":7},"f":{"0":44,"1":44},"b":{}}
,"/Users/joshuarasmussen/Desktop/Code/react-calendar/packages/themed/src/components/CalendarButton/CalendarButton.tsx": {"path":"/Users/joshuarasmussen/Desktop/Code/react-calendar/packages/themed/src/components/CalendarButton/CalendarButton.tsx","statementMap":{"0":{"start":{"line":3,"column":0},"end":{"line":3,"column":34}},"1":{"start":{"line":4,"column":0},"end":{"line":4,"column":30}},"2":{"start":{"line":25,"column":23},"end":{"line":25,"column":25}},"3":{"start":{"line":31,"column":4},"end":{"line":33,"column":null}},"4":{"start":{"line":32,"column":6},"end":{"line":32,"column":null}},"5":{"start":{"line":38,"column":4},"end":{"line":40,"column":null}},"6":{"start":{"line":39,"column":6},"end":{"line":39,"column":null}},"7":{"start":{"line":43,"column":2},"end":{"line":55,"column":null}},"8":{"start":{"line":28,"column":0},"end":{"line":28,"column":16}},"9":{"start":{"line":58,"column":0},"end":{"line":62,"column":null}}},"fnMap":{"0":{"name":"CalendarButton","decl":{"start":{"line":28,"column":16},"end":{"line":28,"column":30}},"loc":{"start":{"line":28,"column":57},"end":{"line":56,"column":1}}},"1":{"name":"handleClick","decl":{"start":{"line":30,"column":11},"end":{"line":30,"column":22}},"loc":{"start":{"line":30,"column":22},"end":{"line":34,"column":3}}},"2":{"name":"handleKeyPress","decl":{"start":{"line":37,"column":11},"end":{"line":37,"column":25}},"loc":{"start":{"line":37,"column":48},"end":{"line":41,"column":3}}}},"branchMap":{"0":{"loc":{"start":{"line":31,"column":4},"end":{"line":33,"column":null}},"type":"if","locations":[{"start":{"line":31,"column":4},"end":{"line":33,"column":null}},{"start":{"line":31,"column":4},"end":{"line":33,"column":null}}]},"1":{"loc":{"start":{"line":38,"column":4},"end":{"line":40,"column":null}},"type":"if","locations":[{"start":{"line":38,"column":4},"end":{"line":40,"column":null}},{"start":{"line":38,"column":4},"end":{"line":40,"column":null}}]},"2":{"loc":{"start":{"line":38,"column":8},"end":{"line":38,"column":22}},"type":"binary-expr","locations":[{"start":{"line":38,"column":8},"end":{"line":38,"column":22}},{"start":{"line":38,"column":26},"end":{"line":38,"column":54}}]}},"s":{"0":2,"1":2,"2":2,"3":4,"4":3,"5":2,"6":1,"7":7,"8":2,"9":2},"f":{"0":7,"1":4,"2":2},"b":{"0":[3,1],"1":[1,1],"2":[2,2]}}
,"/Users/joshuarasmussen/Desktop/Code/react-calendar/packages/themed/src/components/CalendarButton/index.ts": {"path":"/Users/joshuarasmussen/Desktop/Code/react-calendar/packages/themed/src/components/CalendarButton/index.ts","statementMap":{"0":{"start":{"line":1,"column":0},"end":{"line":1,"column":32}}},"fnMap":{},"branchMap":{},"s":{"0":1},"f":{},"b":{}}
,"/Users/joshuarasmussen/Desktop/Code/react-calendar/packages/themed/src/components/CalendarHeader/CalendarHeader.tsx": {"path":"/Users/joshuarasmussen/Desktop/Code/react-calendar/packages/themed/src/components/CalendarHeader/CalendarHeader.tsx","statementMap":{"0":{"start":{"line":3,"column":0},"end":{"line":3,"column":34}},"1":{"start":{"line":4,"column":0},"end":{"line":4,"column":30}},"2":{"start":{"line":25,"column":20},"end":{"line":25,"column":25}},"3":{"start":{"line":27,"column":2},"end":{"line":39,"column":null}},"4":{"start":{"line":24,"column":0},"end":{"line":24,"column":16}},"5":{"start":{"line":42,"column":0},"end":{"line":46,"column":null}}},"fnMap":{"0":{"name":"CalendarHeader","decl":{"start":{"line":24,"column":16},"end":{"line":24,"column":30}},"loc":{"start":{"line":24,"column":57},"end":{"line":40,"column":1}}}},"branchMap":{},"s":{"0":2,"1":2,"2":14,"3":14,"4":2,"5":2},"f":{"0":14},"b":{}}
,"/Users/joshuarasmussen/Desktop/Code/react-calendar/packages/themed/src/components/CalendarHeader/index.ts": {"path":"/Users/joshuarasmussen/Desktop/Code/react-calendar/packages/themed/src/components/CalendarHeader/index.ts","statementMap":{"0":{"start":{"line":1,"column":0},"end":{"line":1,"column":32}}},"fnMap":{},"branchMap":{},"s":{"0":1},"f":{},"b":{}}
,"/Users/joshuarasmussen/Desktop/Code/react-calendar/packages/themed/src/components/Chevron/Chevron.tsx": {"path":"/Users/joshuarasmussen/Desktop/Code/react-calendar/packages/themed/src/components/Chevron/Chevron.tsx","statementMap":{"0":{"start":{"line":3,"column":0},"end":{"line":3,"column":34}},"1":{"start":{"line":4,"column":0},"end":{"line":4,"column":30}},"2":{"start":{"line":6,"column":14},"end":{"line":11,"column":null}},"3":{"start":{"line":19,"column":24},"end":{"line":19,"column":29}},"4":{"start":{"line":21,"column":2},"end":{"line":33,"column":null}},"5":{"start":{"line":18,"column":0},"end":{"line":18,"column":16}},"6":{"start":{"line":36,"column":0},"end":{"line":38,"column":null}}},"fnMap":{"0":{"name":"Chevron","decl":{"start":{"line":18,"column":16},"end":{"line":18,"column":23}},"loc":{"start":{"line":18,"column":43},"end":{"line":34,"column":1}}}},"branchMap":{},"s":{"0":1,"1":1,"2":1,"3":2,"4":2,"5":1,"6":1},"f":{"0":2},"b":{}}
,"/Users/joshuarasmussen/Desktop/Code/react-calendar/packages/themed/src/components/Chevron/index.ts": {"path":"/Users/joshuarasmussen/Desktop/Code/react-calendar/packages/themed/src/components/Chevron/index.ts","statementMap":{"0":{"start":{"line":1,"column":0},"end":{"line":1,"column":25}}},"fnMap":{},"branchMap":{},"s":{"0":1},"f":{},"b":{}}
,"/Users/joshuarasmussen/Desktop/Code/react-calendar/packages/themed/src/components/DateCell/DateCell.tsx": {"path":"/Users/joshuarasmussen/Desktop/Code/react-calendar/packages/themed/src/components/DateCell/DateCell.tsx","statementMap":{"0":{"start":{"line":3,"column":0},"end":{"line":3,"column":34}},"1":{"start":{"line":4,"column":0},"end":{"line":4,"column":30}},"2":{"start":{"line":36,"column":23},"end":{"line":36,"column":25}},"3":{"start":{"line":40,"column":49},"end":{"line":40,"column":54}},"4":{"start":{"line":44,"column":4},"end":{"line":46,"column":null}},"5":{"start":{"line":45,"column":6},"end":{"line":45,"column":null}},"6":{"start":{"line":51,"column":4},"end":{"line":53,"column":null}},"7":{"start":{"line":52,"column":6},"end":{"line":52,"column":null}},"8":{"start":{"line":58,"column":4},"end":{"line":60,"column":null}},"9":{"start":{"line":59,"column":6},"end":{"line":59,"column":null}},"10":{"start":{"line":63,"column":2},"end":{"line":81,"column":null}},"11":{"start":{"line":39,"column":0},"end":{"line":39,"column":16}},"12":{"start":{"line":84,"column":0},"end":{"line":90,"column":null}}},"fnMap":{"0":{"name":"DateCell","decl":{"start":{"line":39,"column":16},"end":{"line":39,"column":24}},"loc":{"start":{"line":39,"column":45},"end":{"line":82,"column":1}}},"1":{"name":"handleKeyDown","decl":{"start":{"line":43,"column":11},"end":{"line":43,"column":24}},"loc":{"start":{"line":43,"column":47},"end":{"line":47,"column":3}}},"2":{"name":"handleClick","decl":{"start":{"line":50,"column":11},"end":{"line":50,"column":22}},"loc":{"start":{"line":50,"column":22},"end":{"line":54,"column":3}}},"3":{"name":"handleFocus","decl":{"start":{"line":57,"column":11},"end":{"line":57,"column":22}},"loc":{"start":{"line":57,"column":22},"end":{"line":61,"column":3}}}},"branchMap":{"0":{"loc":{"start":{"line":40,"column":21},"end":{"line":40,"column":26}},"type":"default-arg","locations":[{"start":{"line":40,"column":21},"end":{"line":40,"column":26}}]},"1":{"loc":{"start":{"line":40,"column":39},"end":{"line":40,"column":44}},"type":"default-arg","locations":[{"start":{"line":40,"column":39},"end":{"line":40,"column":44}}]},"2":{"loc":{"start":{"line":44,"column":4},"end":{"line":46,"column":null}},"type":"if","locations":[{"start":{"line":44,"column":4},"end":{"line":46,"column":null}},{"start":{"line":44,"column":4},"end":{"line":46,"column":null}}]},"3":{"loc":{"start":{"line":44,"column":8},"end":{"line":44,"column":17}},"type":"binary-expr","locations":[{"start":{"line":44,"column":8},"end":{"line":44,"column":17}},{"start":{"line":44,"column":21},"end":{"line":44,"column":35}},{"start":{"line":44,"column":39},"end":{"line":44,"column":67}}]},"4":{"loc":{"start":{"line":51,"column":4},"end":{"line":53,"column":null}},"type":"if","locations":[{"start":{"line":51,"column":4},"end":{"line":53,"column":null}},{"start":{"line":51,"column":4},"end":{"line":53,"column":null}}]},"5":{"loc":{"start":{"line":51,"column":8},"end":{"line":51,"column":17}},"type":"binary-expr","locations":[{"start":{"line":51,"column":8},"end":{"line":51,"column":17}},{"start":{"line":51,"column":21},"end":{"line":51,"column":35}}]},"6":{"loc":{"start":{"line":58,"column":4},"end":{"line":60,"column":null}},"type":"if","locations":[{"start":{"line":58,"column":4},"end":{"line":60,"column":null}},{"start":{"line":58,"column":4},"end":{"line":60,"column":null}}]},"7":{"loc":{"start":{"line":58,"column":8},"end":{"line":58,"column":17}},"type":"binary-expr","locations":[{"start":{"line":58,"column":8},"end":{"line":58,"column":17}},{"start":{"line":58,"column":21},"end":{"line":58,"column":39}}]},"8":{"loc":{"start":{"line":72,"column":12},"end":{"line":72,"column":40}},"type":"cond-expr","locations":[{"start":{"line":72,"column":12},"end":{"line":72,"column":40}},{"start":{"line":73,"column":12},"end":{"line":75,"column":36}}]},"9":{"loc":{"start":{"line":74,"column":12},"end":{"line":74,"column":40}},"type":"cond-expr","locations":[{"start":{"line":74,"column":12},"end":{"line":74,"column":40}},{"start":{"line":75,"column":12},"end":{"line":75,"column":36}}]},"10":{"loc":{"start":{"line":77,"column":27},"end":{"line":77,"column":29}},"type":"cond-expr","locations":[{"start":{"line":77,"column":27},"end":{"line":77,"column":29}},{"start":{"line":77,"column":32},"end":{"line":77,"column":33}}]}},"s":{"0":2,"1":2,"2":2,"3":361,"4":2,"5":1,"6":2,"7":1,"8":3,"9":2,"10":361,"11":2,"12":2},"f":{"0":361,"1":2,"2":2,"3":3},"b":{"0":[7],"1":[359],"2":[1,1],"3":[2,2,2],"4":[1,1],"5":[2,1],"6":[2,1],"7":[3,2],"8":[54,307],"9":[1,306],"10":[54,307]}}
,"/Users/joshuarasmussen/Desktop/Code/react-calendar/packages/themed/src/components/DateCell/index.ts": {"path":"/Users/joshuarasmussen/Desktop/Code/react-calendar/packages/themed/src/components/DateCell/index.ts","statementMap":{"0":{"start":{"line":1,"column":0},"end":{"line":1,"column":26}}},"fnMap":{},"branchMap":{},"s":{"0":1},"f":{},"b":{}}
,"/Users/joshuarasmussen/Desktop/Code/react-calendar/packages/themed/src/components/DateHeader/DateHeader.tsx": {"path":"/Users/joshuarasmussen/Desktop/Code/react-calendar/packages/themed/src/components/DateHeader/DateHeader.tsx","statementMap":{"0":{"start":{"line":3,"column":0},"end":{"line":3,"column":34}},"1":{"start":{"line":4,"column":0},"end":{"line":4,"column":30}},"2":{"start":{"line":19,"column":38},"end":{"line":19,"column":43}},"3":{"start":{"line":20,"column":2},"end":{"line":32,"column":null}},"4":{"start":{"line":18,"column":0},"end":{"line":18,"column":16}},"5":{"start":{"line":35,"column":0},"end":{"line":38,"column":null}}},"fnMap":{"0":{"name":"DateHeader","decl":{"start":{"line":18,"column":16},"end":{"line":18,"column":26}},"loc":{"start":{"line":18,"column":49},"end":{"line":33,"column":1}}}},"branchMap":{"0":{"loc":{"start":{"line":19,"column":28},"end":{"line":19,"column":33}},"type":"default-arg","locations":[{"start":{"line":19,"column":28},"end":{"line":19,"column":33}}]},"1":{"loc":{"start":{"line":26,"column":12},"end":{"line":26,"column":42}},"type":"cond-expr","locations":[{"start":{"line":26,"column":12},"end":{"line":26,"column":42}},{"start":{"line":27,"column":12},"end":{"line":27,"column":38}}]}},"s":{"0":2,"1":2,"2":353,"3":353,"4":2,"5":2},"f":{"0":353},"b":{"0":[2],"1":[2,351]}}
,"/Users/joshuarasmussen/Desktop/Code/react-calendar/packages/themed/src/components/DateHeader/index.ts": {"path":"/Users/joshuarasmussen/Desktop/Code/react-calendar/packages/themed/src/components/DateHeader/index.ts","statementMap":{"0":{"start":{"line":1,"column":0},"end":{"line":1,"column":28}}},"fnMap":{},"branchMap":{},"s":{"0":1},"f":{},"b":{}}
,"/Users/joshuarasmussen/Desktop/Code/react-calendar/packages/themed/src/components/EventItem/EventItem.tsx": {"path":"/Users/joshuarasmussen/Desktop/Code/react-calendar/packages/themed/src/components/EventItem/EventItem.tsx","statementMap":{"0":{"start":{"line":3,"column":0},"end":{"line":3,"column":34}},"1":{"start":{"line":4,"column":0},"end":{"line":4,"column":30}},"2":{"start":{"line":27,"column":23},"end":{"line":27,"column":25}},"3":{"start":{"line":31,"column":29},"end":{"line":31,"column":34}},"4":{"start":{"line":35,"column":4},"end":{"line":37,"column":null}},"5":{"start":{"line":36,"column":6},"end":{"line":36,"column":null}},"6":{"start":{"line":42,"column":4},"end":{"line":44,"column":null}},"7":{"start":{"line":43,"column":6},"end":{"line":43,"column":null}},"8":{"start":{"line":47,"column":2},"end":{"line":61,"column":null}},"9":{"start":{"line":30,"column":0},"end":{"line":30,"column":16}},"10":{"start":{"line":64,"column":0},"end":{"line":68,"column":null}}},"fnMap":{"0":{"name":"EventItem","decl":{"start":{"line":30,"column":16},"end":{"line":30,"column":25}},"loc":{"start":{"line":30,"column":47},"end":{"line":62,"column":1}}},"1":{"name":"handleKeyDown","decl":{"start":{"line":34,"column":11},"end":{"line":34,"column":24}},"loc":{"start":{"line":34,"column":47},"end":{"line":38,"column":3}}},"2":{"name":"handleClick","decl":{"start":{"line":41,"column":11},"end":{"line":41,"column":22}},"loc":{"start":{"line":41,"column":22},"end":{"line":45,"column":3}}}},"branchMap":{"0":{"loc":{"start":{"line":31,"column":19},"end":{"line":31,"column":24}},"type":"default-arg","locations":[{"start":{"line":31,"column":19},"end":{"line":31,"column":24}}]},"1":{"loc":{"start":{"line":35,"column":4},"end":{"line":37,"column":null}},"type":"if","locations":[{"start":{"line":35,"column":4},"end":{"line":37,"column":null}},{"start":{"line":35,"column":4},"end":{"line":37,"column":null}}]},"2":{"loc":{"start":{"line":35,"column":8},"end":{"line":35,"column":22}},"type":"binary-expr","locations":[{"start":{"line":35,"column":8},"end":{"line":35,"column":22}},{"start":{"line":35,"column":26},"end":{"line":35,"column":54}}]},"3":{"loc":{"start":{"line":42,"column":4},"end":{"line":44,"column":null}},"type":"if","locations":[{"start":{"line":42,"column":4},"end":{"line":44,"column":null}},{"start":{"line":42,"column":4},"end":{"line":44,"column":null}}]},"4":{"loc":{"start":{"line":53,"column":26},"end":{"line":53,"column":27}},"type":"cond-expr","locations":[{"start":{"line":53,"column":26},"end":{"line":53,"column":27}},{"start":{"line":53,"column":30},"end":{"line":53,"column":31}}]},"5":{"loc":{"start":{"line":54,"column":32},"end":{"line":54,"column":38}},"type":"cond-expr","locations":[{"start":{"line":54,"column":32},"end":{"line":54,"column":38}},{"start":{"line":54,"column":41},"end":{"line":54,"column":47}}]}},"s":{"0":2,"1":2,"2":2,"3":16,"4":2,"5":1,"6":2,"7":1,"8":16,"9":2,"10":2},"f":{"0":16,"1":2,"2":2},"b":{"0":[15],"1":[1,1],"2":[2,2],"3":[1,1],"4":[1,15],"5":[1,15]}}
,"/Users/joshuarasmussen/Desktop/Code/react-calendar/packages/themed/src/components/EventItem/index.ts": {"path":"/Users/joshuarasmussen/Desktop/Code/react-calendar/packages/themed/src/components/EventItem/index.ts","statementMap":{"0":{"start":{"line":1,"column":0},"end":{"line":1,"column":27}}},"fnMap":{},"branchMap":{},"s":{"0":1},"f":{},"b":{}}
,"/Users/joshuarasmussen/Desktop/Code/react-calendar/packages/themed/src/components/SimpleCalendar/SimpleCalendar.tsx": {"path":"/Users/joshuarasmussen/Desktop/Code/react-calendar/packages/themed/src/components/SimpleCalendar/SimpleCalendar.tsx","statementMap":{"0":{"start":{"line":1,"column":0},"end":{"line":1,"column":25}},"1":{"start":{"line":2,"column":0},"end":{"line":2,"column":34}},"2":{"start":{"line":3,"column":0},"end":{"line":3,"column":null}},"3":{"start":{"line":12,"column":0},"end":{"line":12,"column":null}},"4":{"start":{"line":23,"column":0},"end":{"line":23,"column":50}},"5":{"start":{"line":24,"column":0},"end":{"line":24,"column":50}},"6":{"start":{"line":25,"column":0},"end":{"line":25,"column":36}},"7":{"start":{"line":26,"column":0},"end":{"line":26,"column":38}},"8":{"start":{"line":27,"column":0},"end":{"line":27,"column":42}},"9":{"start":{"line":28,"column":0},"end":{"line":28,"column":40}},"10":{"start":{"line":29,"column":0},"end":{"line":29,"column":40}},"11":{"start":{"line":30,"column":0},"end":{"line":30,"column":52}},"12":{"start":{"line":71,"column":60},"end":{"line":71,"column":65}},"13":{"start":{"line":73,"column":23},"end":{"line":73,"column":38}},"14":{"start":{"line":74,"column":34},"end":{"line":77,"column":null}},"15":{"start":{"line":79,"column":2},"end":{"line":150,"column":null}},"16":{"start":{"line":117,"column":8},"end":{"line":145,"column":null}},"17":{"start":{"line":122,"column":16},"end":{"line":126,"column":null}},"18":{"start":{"line":137,"column":16},"end":{"line":142,"column":null}},"19":{"start":{"line":141,"column":20},"end":{"line":141,"column":53}},"20":{"start":{"line":70,"column":0},"end":{"line":70,"column":16}},"21":{"start":{"line":153,"column":0},"end":{"line":164,"column":null}}},"fnMap":{"0":{"name":"SimpleCalendar","decl":{"start":{"line":70,"column":16},"end":{"line":70,"column":30}},"loc":{"start":{"line":70,"column":57},"end":{"line":151,"column":1}}},"1":{"name":"(anonymous_2)","decl":{"start":{"line":116,"column":24},"end":{"line":116,"column":25}},"loc":{"start":{"line":117,"column":8},"end":{"line":145,"column":null}}},"2":{"name":"(anonymous_3)","decl":{"start":{"line":121,"column":26},"end":{"line":121,"column":27}},"loc":{"start":{"line":122,"column":16},"end":{"line":126,"column":null}}},"3":{"name":"(anonymous_4)","decl":{"start":{"line":136,"column":27},"end":{"line":136,"column":28}},"loc":{"start":{"line":137,"column":16},"end":{"line":142,"column":null}}},"4":{"name":"(anonymous_5)","decl":{"start":{"line":140,"column":31},"end":{"line":140,"column":32}},"loc":{"start":{"line":141,"column":20},"end":{"line":141,"column":53}}}},"branchMap":{"0":{"loc":{"start":{"line":71,"column":32},"end":{"line":71,"column":42}},"type":"default-arg","locations":[{"start":{"line":71,"column":32},"end":{"line":71,"column":42}}]},"1":{"loc":{"start":{"line":71,"column":53},"end":{"line":71,"column":55}},"type":"default-arg","locations":[{"start":{"line":71,"column":53},"end":{"line":71,"column":55}}]},"2":{"loc":{"start":{"line":88,"column":16},"end":{"line":92,"column":null}},"type":"cond-expr","locations":[{"start":{"line":88,"column":16},"end":{"line":92,"column":null}},{"start":{"line":95,"column":16},"end":{"line":95,"column":23}}]},"3":{"loc":{"start":{"line":100,"column":16},"end":{"line":104,"column":null}},"type":"cond-expr","locations":[{"start":{"line":100,"column":16},"end":{"line":104,"column":null}},{"start":{"line":107,"column":16},"end":{"line":107,"column":23}}]}},"s":{"0":1,"1":1,"2":1,"3":1,"4":1,"5":1,"6":1,"7":1,"8":1,"9":1,"10":1,"11":1,"12":10,"13":10,"14":10,"15":10,"16":50,"17":350,"18":100,"19":10,"20":1,"21":1},"f":{"0":10,"1":50,"2":350,"3":100,"4":10},"b":{"0":[9],"1":[8],"2":[1,9],"3":[1,9]}}
,"/Users/joshuarasmussen/Desktop/Code/react-calendar/packages/themed/src/components/StickyBox/StickyBox.tsx": {"path":"/Users/joshuarasmussen/Desktop/Code/react-calendar/packages/themed/src/components/StickyBox/StickyBox.tsx","statementMap":{"0":{"start":{"line":3,"column":0},"end":{"line":3,"column":34}},"1":{"start":{"line":4,"column":0},"end":{"line":4,"column":30}},"2":{"start":{"line":13,"column":2},"end":{"line":24,"column":null}},"3":{"start":{"line":12,"column":0},"end":{"line":12,"column":16}},"4":{"start":{"line":27,"column":0},"end":{"line":29,"column":null}}},"fnMap":{"0":{"name":"StickyBox","decl":{"start":{"line":12,"column":16},"end":{"line":12,"column":25}},"loc":{"start":{"line":12,"column":47},"end":{"line":25,"column":1}}}},"branchMap":{},"s":{"0":2,"1":2,"2":12,"3":2,"4":2},"f":{"0":12},"b":{}}
,"/Users/joshuarasmussen/Desktop/Code/react-calendar/packages/themed/src/components/StickyBox/index.ts": {"path":"/Users/joshuarasmussen/Desktop/Code/react-calendar/packages/themed/src/components/StickyBox/index.ts","statementMap":{"0":{"start":{"line":1,"column":0},"end":{"line":1,"column":27}}},"fnMap":{},"branchMap":{},"s":{"0":1},"f":{},"b":{}}
,"/Users/joshuarasmussen/Desktop/Code/react-calendar/packages/themed/src/components/WeekdayHeadings/WeekdayHeadings.tsx": {"path":"/Users/joshuarasmussen/Desktop/Code/react-calendar/packages/themed/src/components/WeekdayHeadings/WeekdayHeadings.tsx","statementMap":{"0":{"start":{"line":2,"column":0},"end":{"line":2,"column":38}},"1":{"start":{"line":3,"column":0},"end":{"line":3,"column":34}},"2":{"start":{"line":4,"column":0},"end":{"line":4,"column":30}},"3":{"start":{"line":5,"column":0},"end":{"line":5,"column":56}},"4":{"start":{"line":7,"column":0},"end":{"line":7,"column":46}},"5":{"start":{"line":10,"column":0},"end":{"line":10,"column":null}},"6":{"start":{"line":11,"column":2},"end":{"line":11,"column":null}},"7":{"start":{"line":12,"column":2},"end":{"line":12,"column":null}},"8":{"start":{"line":13,"column":2},"end":{"line":13,"column":null}},"9":{"start":{"line":14,"column":2},"end":{"line":14,"column":null}},"10":{"start":{"line":15,"column":2},"end":{"line":15,"column":null}},"11":{"start":{"line":16,"column":2},"end":{"line":16,"column":null}},"12":{"start":{"line":17,"column":2},"end":{"line":17,"column":null}},"13":{"start":{"line":42,"column":16},"end":{"line":42,"column":26}},"14":{"start":{"line":43,"column":2},"end":{"line":46,"column":null}},"15":{"start":{"line":53,"column":46},"end":{"line":53,"column":51}},"16":{"start":{"line":55,"column":33},"end":{"line":57,"column":4}},"17":{"start":{"line":55,"column":47},"end":{"line":55,"column":76}},"18":{"start":{"line":59,"column":2},"end":{"line":74,"column":null}},"19":{"start":{"line":64,"column":8},"end":{"line":70,"column":null}},"20":{"start":{"line":50,"column":0},"end":{"line":50,"column":16}},"21":{"start":{"line":77,"column":0},"end":{"line":80,"column":null}}},"fnMap":{"0":{"name":"(anonymous_1)","decl":{"start":{"line":10,"column":0},"end":{"line":10,"column":12}},"loc":{"start":{"line":10,"column":25},"end":{"line":18,"column":1}}},"1":{"name":"getWeekInterval","decl":{"start":{"line":41,"column":9},"end":{"line":41,"column":24}},"loc":{"start":{"line":41,"column":52},"end":{"line":47,"column":1}}},"2":{"name":"WeekdayHeadings","decl":{"start":{"line":50,"column":16},"end":{"line":50,"column":31}},"loc":{"start":{"line":51,"column":29},"end":{"line":75,"column":1}}},"3":{"name":"(anonymous_4)","decl":{"start":{"line":55,"column":41},"end":{"line":55,"column":44}},"loc":{"start":{"line":55,"column":47},"end":{"line":55,"column":76}}},"4":{"name":"(anonymous_5)","decl":{"start":{"line":63,"column":18},"end":{"line":63,"column":19}},"loc":{"start":{"line":64,"column":8},"end":{"line":70,"column":null}}}},"branchMap":{"0":{"loc":{"start":{"line":10,"column":12},"end":{"line":10,"column":25}},"type":"binary-expr","locations":[{"start":{"line":10,"column":12},"end":{"line":10,"column":25}},{"start":{"line":10,"column":12},"end":{"line":10,"column":null}}]},"1":{"loc":{"start":{"line":53,"column":25},"end":{"line":53,"column":26}},"type":"default-arg","locations":[{"start":{"line":53,"column":25},"end":{"line":53,"column":26}}]},"2":{"loc":{"start":{"line":53,"column":36},"end":{"line":53,"column":41}},"type":"default-arg","locations":[{"start":{"line":53,"column":36},"end":{"line":53,"column":41}}]},"3":{"loc":{"start":{"line":70,"column":32},"end":{"line":70,"column":37}},"type":"cond-expr","locations":[{"start":{"line":70,"column":32},"end":{"line":70,"column":37}},{"start":{"line":70,"column":40},"end":{"line":70,"column":46}}]}},"s":{"0":2,"1":2,"2":2,"3":2,"4":2,"5":2,"6":2,"7":2,"8":2,"9":2,"10":2,"11":2,"12":2,"13":15,"14":15,"15":15,"16":15,"17":15,"18":15,"19":105,"20":2,"21":2},"f":{"0":2,"1":15,"2":15,"3":15,"4":105},"b":{"0":[2,2],"1":[13],"2":[14],"3":[7,98]}}
,"/Users/joshuarasmussen/Desktop/Code/react-calendar/packages/themed/src/components/WeekdayHeadings/index.ts": {"path":"/Users/joshuarasmussen/Desktop/Code/react-calendar/packages/themed/src/components/WeekdayHeadings/index.ts","statementMap":{"0":{"start":{"line":1,"column":0},"end":{"line":1,"column":33}}},"fnMap":{},"branchMap":{},"s":{"0":1},"f":{},"b":{}}
}
