TN:
SF:src/components/test-helper.tsx
FN:49,Wrapper
FN:54,customRender
FNF:2
FNH:2
FNDA:44,Wrapper
FNDA:44,customRender
DA:1,7
DA:2,7
DA:3,7
DA:6,7
DA:50,44
DA:58,44
DA:61,7
LF:7
LH:7
BRF:0
BRH:0
end_of_record
TN:
SF:src/components/CalendarButton/CalendarButton.tsx
FN:28,CalendarButton
FN:30,handleClick
FN:37,handleKeyPress
FNF:3
FNH:3
FNDA:7,CalendarButton
FNDA:4,handleClick
FNDA:2,handleKeyPress
DA:3,2
DA:4,2
DA:25,2
DA:28,2
DA:31,4
DA:32,3
DA:38,2
DA:39,1
DA:43,7
DA:58,2
LF:10
LH:10
BRDA:31,0,0,3
BRDA:31,0,1,1
BRDA:38,1,0,1
BRDA:38,1,1,1
BRDA:38,2,0,2
BRDA:38,2,1,2
BRF:6
BRH:6
end_of_record
TN:
SF:src/components/CalendarButton/index.ts
FNF:0
FNH:0
DA:1,1
LF:1
LH:1
BRF:0
BRH:0
end_of_record
TN:
SF:src/components/CalendarHeader/CalendarHeader.tsx
FN:24,CalendarHeader
FNF:1
FNH:1
FNDA:14,CalendarHeader
DA:3,2
DA:4,2
DA:24,2
DA:25,14
DA:27,14
DA:42,2
LF:6
LH:6
BRF:0
BRH:0
end_of_record
TN:
SF:src/components/CalendarHeader/index.ts
FNF:0
FNH:0
DA:1,1
LF:1
LH:1
BRF:0
BRH:0
end_of_record
TN:
SF:src/components/Chevron/Chevron.tsx
FN:18,Chevron
FNF:1
FNH:1
FNDA:2,Chevron
DA:3,1
DA:4,1
DA:6,1
DA:18,1
DA:19,2
DA:21,2
DA:36,1
LF:7
LH:7
BRF:0
BRH:0
end_of_record
TN:
SF:src/components/Chevron/index.ts
FNF:0
FNH:0
DA:1,1
LF:1
LH:1
BRF:0
BRH:0
end_of_record
TN:
SF:src/components/DateCell/DateCell.tsx
FN:39,DateCell
FN:43,handleKeyDown
FN:50,handleClick
FN:57,handleFocus
FNF:4
FNH:4
FNDA:361,DateCell
FNDA:2,handleKeyDown
FNDA:2,handleClick
FNDA:3,handleFocus
DA:3,2
DA:4,2
DA:36,2
DA:39,2
DA:40,361
DA:44,2
DA:45,1
DA:51,2
DA:52,1
DA:58,3
DA:59,2
DA:63,361
DA:84,2
LF:13
LH:13
BRDA:40,0,0,7
BRDA:40,1,0,359
BRDA:44,2,0,1
BRDA:44,2,1,1
BRDA:44,3,0,2
BRDA:44,3,1,2
BRDA:44,3,2,2
BRDA:51,4,0,1
BRDA:51,4,1,1
BRDA:51,5,0,2
BRDA:51,5,1,1
BRDA:58,6,0,2
BRDA:58,6,1,1
BRDA:58,7,0,3
BRDA:58,7,1,2
BRDA:72,8,0,54
BRDA:72,8,1,307
BRDA:74,9,0,1
BRDA:74,9,1,306
BRDA:77,10,0,54
BRDA:77,10,1,307
BRF:21
BRH:21
end_of_record
TN:
SF:src/components/DateCell/index.ts
FNF:0
FNH:0
DA:1,1
LF:1
LH:1
BRF:0
BRH:0
end_of_record
TN:
SF:src/components/DateHeader/DateHeader.tsx
FN:18,DateHeader
FNF:1
FNH:1
FNDA:353,DateHeader
DA:3,2
DA:4,2
DA:18,2
DA:19,353
DA:20,353
DA:35,2
LF:6
LH:6
BRDA:19,0,0,2
BRDA:26,1,0,2
BRDA:26,1,1,351
BRF:3
BRH:3
end_of_record
TN:
SF:src/components/DateHeader/index.ts
FNF:0
FNH:0
DA:1,1
LF:1
LH:1
BRF:0
BRH:0
end_of_record
TN:
SF:src/components/EventItem/EventItem.tsx
FN:30,EventItem
FN:34,handleKeyDown
FN:41,handleClick
FNF:3
FNH:3
FNDA:16,EventItem
FNDA:2,handleKeyDown
FNDA:2,handleClick
DA:3,2
DA:4,2
DA:27,2
DA:30,2
DA:31,16
DA:35,2
DA:36,1
DA:42,2
DA:43,1
DA:47,16
DA:64,2
LF:11
LH:11
BRDA:31,0,0,15
BRDA:35,1,0,1
BRDA:35,1,1,1
BRDA:35,2,0,2
BRDA:35,2,1,2
BRDA:42,3,0,1
BRDA:42,3,1,1
BRDA:53,4,0,1
BRDA:53,4,1,15
BRDA:54,5,0,1
BRDA:54,5,1,15
BRF:11
BRH:11
end_of_record
TN:
SF:src/components/EventItem/index.ts
FNF:0
FNH:0
DA:1,1
LF:1
LH:1
BRF:0
BRH:0
end_of_record
TN:
SF:src/components/SimpleCalendar/SimpleCalendar.tsx
FN:70,SimpleCalendar
FN:116,(anonymous_2)
FN:121,(anonymous_3)
FN:136,(anonymous_4)
FN:140,(anonymous_5)
FNF:5
FNH:5
FNDA:10,SimpleCalendar
FNDA:50,(anonymous_2)
FNDA:350,(anonymous_3)
FNDA:100,(anonymous_4)
FNDA:10,(anonymous_5)
DA:1,1
DA:2,1
DA:3,1
DA:12,1
DA:23,1
DA:24,1
DA:25,1
DA:26,1
DA:27,1
DA:28,1
DA:29,1
DA:30,1
DA:70,1
DA:71,10
DA:73,10
DA:74,10
DA:79,10
DA:117,50
DA:122,350
DA:137,100
DA:141,10
DA:153,1
LF:22
LH:22
BRDA:71,0,0,9
BRDA:71,1,0,8
BRDA:88,2,0,1
BRDA:88,2,1,9
BRDA:100,3,0,1
BRDA:100,3,1,9
BRF:6
BRH:6
end_of_record
TN:
SF:src/components/StickyBox/StickyBox.tsx
FN:12,StickyBox
FNF:1
FNH:1
FNDA:12,StickyBox
DA:3,2
DA:4,2
DA:12,2
DA:13,12
DA:27,2
LF:5
LH:5
BRF:0
BRH:0
end_of_record
TN:
SF:src/components/StickyBox/index.ts
FNF:0
FNH:0
DA:1,1
LF:1
LH:1
BRF:0
BRH:0
end_of_record
TN:
SF:src/components/WeekdayHeadings/WeekdayHeadings.tsx
FN:10,(anonymous_1)
FN:41,getWeekInterval
FN:50,WeekdayHeadings
FN:55,(anonymous_4)
FN:63,(anonymous_5)
FNF:5
FNH:5
FNDA:2,(anonymous_1)
FNDA:15,getWeekInterval
FNDA:15,WeekdayHeadings
FNDA:15,(anonymous_4)
FNDA:105,(anonymous_5)
DA:2,2
DA:3,2
DA:4,2
DA:5,2
DA:7,2
DA:10,2
DA:11,2
DA:12,2
DA:13,2
DA:14,2
DA:15,2
DA:16,2
DA:17,2
DA:42,15
DA:43,15
DA:50,2
DA:53,15
DA:55,15
DA:59,15
DA:64,105
DA:77,2
LF:21
LH:21
BRDA:10,0,0,2
BRDA:10,0,1,2
BRDA:53,1,0,13
BRDA:53,2,0,14
BRDA:70,3,0,7
BRDA:70,3,1,98
BRF:6
BRH:6
end_of_record
TN:
SF:src/components/WeekdayHeadings/index.ts
FNF:0
FNH:0
DA:1,1
LF:1
LH:1
BRF:0
BRH:0
end_of_record
